2025-06-26 15:27:29,599 INFO: Starting run: Letter=A, Steps=100, Attempt=1
2025-06-26 15:32:16,313 INFO: Starting run: Letter=A, Steps=100, Attempt=1
2025-06-26 15:33:20,859 INFO: Starting run: Letter=A, Flow=4, Attempt=1
2025-06-26 17:05:07,430 INFO: Success: Letter=A, Flow=4 on attempt 1
2025-06-26 17:05:07,431 INFO: Starting run: Letter=B, Flow=4, Attempt=1
2025-06-26 23:10:54,417 INFO: Success: Letter=B, Flow=4 on attempt 1
2025-06-26 23:10:54,418 INFO: Starting run: Letter=C, Flow=4, Attempt=1
2025-06-27 04:45:52,521 INFO: Success: Letter=C, Flow=4 on attempt 1
2025-06-27 04:45:52,521 INFO: Starting run: Letter=D, Flow=4, Attempt=1
2025-06-27 10:20:56,170 INFO: Success: Letter=D, Flow=4 on attempt 1
2025-06-27 10:20:56,174 INFO: Starting run: Letter=A, Flow=8, Attempt=1
2025-06-27 15:57:04,716 INFO: Success: Letter=A, Flow=8 on attempt 1
2025-06-27 15:57:04,731 INFO: Starting run: Letter=B, Flow=8, Attempt=1
2025-06-27 18:29:36,815 INFO: Success: Letter=B, Flow=8 on attempt 1
2025-06-27 18:29:36,816 INFO: Starting run: Letter=C, Flow=8, Attempt=1
2025-06-28 00:04:59,020 INFO: Success: Letter=C, Flow=8 on attempt 1
2025-06-28 00:04:59,020 INFO: Starting run: Letter=D, Flow=8, Attempt=1
2025-06-28 05:39:49,542 INFO: Success: Letter=D, Flow=8 on attempt 1
2025-06-28 05:39:49,543 INFO: Starting run: Letter=A, Flow=12, Attempt=1
2025-06-28 11:14:47,087 INFO: Success: Letter=A, Flow=12 on attempt 1
2025-06-28 11:14:47,087 INFO: Starting run: Letter=B, Flow=12, Attempt=1
2025-06-28 16:49:55,218 INFO: Success: Letter=B, Flow=12 on attempt 1
2025-06-28 16:49:55,232 INFO: Starting run: Letter=C, Flow=12, Attempt=1
2025-06-28 22:24:47,818 INFO: Success: Letter=C, Flow=12 on attempt 1
2025-06-28 22:24:47,819 INFO: Starting run: Letter=D, Flow=12, Attempt=1
2025-06-29 03:59:38,856 INFO: Success: Letter=D, Flow=12 on attempt 1
2025-06-29 03:59:38,856 INFO: Starting run: Letter=A, Flow=16, Attempt=1
2025-06-29 09:34:50,851 INFO: Success: Letter=A, Flow=16 on attempt 1
2025-06-29 09:34:50,852 INFO: Starting run: Letter=B, Flow=16, Attempt=1
2025-06-29 15:10:33,121 INFO: Success: Letter=B, Flow=16 on attempt 1
2025-06-29 15:10:33,124 INFO: Starting run: Letter=C, Flow=16, Attempt=1
2025-06-29 21:17:14,126 INFO: Success: Letter=C, Flow=16 on attempt 1
2025-06-29 21:17:14,127 INFO: Starting run: Letter=D, Flow=16, Attempt=1
2025-06-30 02:52:38,227 INFO: Success: Letter=D, Flow=16 on attempt 1
2025-06-30 02:52:38,227 INFO: Starting run: Letter=A, Flow=20, Attempt=1
2025-06-30 08:43:48,336 INFO: Success: Letter=A, Flow=20 on attempt 1
2025-06-30 08:43:48,337 INFO: Starting run: Letter=B, Flow=20, Attempt=1
2025-06-30 14:42:49,291 INFO: Success: Letter=B, Flow=20 on attempt 1
2025-06-30 14:42:49,292 INFO: Starting run: Letter=C, Flow=20, Attempt=1
2025-06-30 20:05:01,009 INFO: Success: Letter=C, Flow=20 on attempt 1
2025-06-30 20:05:01,012 INFO: Starting run: Letter=D, Flow=20, Attempt=1
2025-06-30 23:54:44,129 INFO: Success: Letter=D, Flow=20 on attempt 1
